20230331	15:57:17	31265126-9510-40cb-9d28-d4e19236862f	GET	/testAPI	http://localhost:3000
20230331	16:08:37	1f6af4db-5add-4c3d-ab66-0d900d77deb4	GET	/testAPI	http://localhost:3000
20230331	16:08:37	04673181-f0ae-4050-938e-7957f734c3ed	GET	/testAPI	http://localhost:3000
20230331	16:08:42	1dce8399-a394-4f74-8635-71c6ec850ca3	GET	/testAPI	http://localhost:3000
20230331	16:08:42	0676d4b4-e749-47f0-b335-7760c61c729d	GET	/testAPI	http://localhost:3000
20230331	16:09:10	45c8eca4-8d97-466c-a2ca-15e0fef7f904	GET	/testAPI	http://localhost:3000
20230331	16:17:58	2514a3b1-43a3-465f-9f05-c4ea4dfcaab5	GET	/files	undefined
20230331	16:18:35	72b4f9c1-e7df-40cc-b7b5-cc5af57b9e01	GET	/files	undefined
20230331	16:18:35	8b7ad53a-1348-4f31-b4b7-17bff629ce80	GET	/css/style.css	undefined
20230331	16:18:50	d98b01d2-8db0-4e74-9d14-d5817532c715	GET	/filesName	undefined
20230331	16:19:51	cc0b4f93-89b3-4222-a43b-f9044edbf68c	GET	/filesName	undefined
20230331	16:20:38	15badfc0-f233-49cb-ae8c-6162950dc1ec	GET	/filesName	undefined
20230331	16:21:11	1a7b8864-b5f6-4253-b68a-c50151c6b181	GET	/filesName	undefined
20230331	16:22:01	67584a52-0107-4341-8bb1-519f1dc23d5f	GET	/files	undefined
20230331	16:22:04	9f317310-55cd-47fd-956d-6cba11dc4c54	GET	/files	undefined
20230331	16:22:31	47e463f7-f2fe-4048-9d2d-05fac9c96602	GET	/files	http://localhost:3000
20230331	16:23:00	3a0cb5c3-053e-4962-84de-cc8afff6d90a	GET	/files	http://localhost:3000
20230331	16:23:00	abb4df90-2e9a-48f0-adef-5734e8678064	GET	/files	http://localhost:3000
20230331	16:43:45	74818621-878a-45e5-90d6-c30da46491d4	GET	/files	http://localhost:3000
20230331	16:43:45	487b7df7-d6a7-4207-ab97-c368360f0749	GET	/files	http://localhost:3000
20230331	16:48:46	5ccc5f3e-ab5c-42dd-b46e-ff89a66a0ac5	GET	/files	http://localhost:3000
20230331	16:48:46	659069f7-a02f-4a8c-9a25-99ad5de156d9	GET	/files	http://localhost:3000
20230331	16:53:25	210948c2-be6d-4da6-8236-b5751b396239	GET	/files	http://localhost:3000
20230331	16:53:30	3a3510b7-9ef8-486a-8b02-737396d72221	OPTIONS	/files	http://localhost:3000
20230331	16:53:30	436f9885-0bdd-4928-8af1-f8bdc83eef41	POST	/files	http://localhost:3000
20230331	17:02:51	144e80fa-cbf6-4c42-9e26-def0ac02091e	GET	/files	http://localhost:3000
20230331	17:02:51	bbc677b4-0f74-4909-bac1-4649f7e90baf	GET	/files	http://localhost:3000
20230331	17:02:57	6037314f-617f-47c9-a5d4-16305f700cbc	OPTIONS	/files	http://localhost:3000
20230331	17:02:57	629f7ba6-c8d3-4bca-94b9-5dcb72491605	POST	/files	http://localhost:3000
20230331	17:03:48	bf9aa315-a329-4fca-89b0-857908949bfc	OPTIONS	/files	http://localhost:3000
20230331	17:03:48	adf97db1-558b-4cb8-9632-b40b4ce1ceb7	POST	/files	http://localhost:3000
20230331	17:34:18	861ad5f3-f2c4-496f-97b8-087cab766364	GET	/files	http://localhost:3000
20230331	17:34:18	71bcd294-f7d8-44d3-854c-87d7d7919d84	GET	/files	http://localhost:3000
20230331	17:34:22	b03a38f6-2dbb-4e7e-a7fb-c5f077f6b4e2	OPTIONS	/files	http://localhost:3000
20230331	17:34:22	ba0fcb6e-cb23-4637-8f4d-6284865d9716	POST	/files	http://localhost:3000
20230331	17:35:37	9e7b7285-d3bc-49e1-ac1a-b53c1f0c2414	OPTIONS	/files	http://localhost:3000
20230331	17:35:37	0c2e0c1c-fc0f-4306-ab45-5c619fc59960	POST	/files	http://localhost:3000
20230331	17:35:50	d8adc63f-a15f-4c7b-b1b8-cecaec66432e	OPTIONS	/files	http://localhost:3000
20230331	17:35:50	51a86931-0e1c-4186-8a58-a2a0acfe82a1	POST	/files	http://localhost:3000
20230331	17:37:46	ca2dadb9-55cc-4ca0-870f-b46806a679ae	OPTIONS	/files	http://localhost:3000
20230331	17:37:46	6031bae7-5886-42f6-a7d6-2cbef9a70e33	POST	/files	http://localhost:3000
20230331	17:38:54	060ea761-b905-4e56-89a4-cf406bf43357	OPTIONS	/files	http://localhost:3000
20230331	17:38:54	531140d1-93c1-4178-8304-02af612ab1d4	POST	/files	http://localhost:3000
20230331	17:39:34	65a31b87-dce2-421b-b452-9cb9787042f3	OPTIONS	/files	http://localhost:3000
20230331	17:39:34	adfffdb1-9159-4e4f-b46a-c3fccd7f7bcf	POST	/files	http://localhost:3000
20230331	17:40:52	5e0c2294-5430-48a6-ba17-0120e3789a93	OPTIONS	/files	http://localhost:3000
20230331	17:40:52	35533f40-ba59-4fc9-ae92-b57cb10f7e3a	POST	/files	http://localhost:3000
20230331	17:46:08	b6db2f36-1634-49e1-8f64-c355a25046c5	OPTIONS	/files	http://localhost:3000
20230331	17:46:08	10c08f21-7bf7-4ef8-8175-57d5de9e0ccc	POST	/files	http://localhost:3000
20230331	17:47:32	7e791c99-7ac7-4a7d-9cd5-d7d81a5b764e	OPTIONS	/files	http://localhost:3000
20230331	17:47:32	cd46f4c4-240b-46b2-bdc7-65529e5e1d9a	POST	/files	http://localhost:3000
20230331	17:51:25	e89412c8-a259-4642-9f1c-643c861068ce	OPTIONS	/files	http://localhost:3000
20230331	17:51:25	de4f6a98-4fbc-473d-a813-fc980e64359b	POST	/files	http://localhost:3000
20230402	21:11:03	7c7fc02b-5a9c-48ac-a902-2952732c7497	GET	/files	http://localhost:3000
20230402	21:11:03	88a6a790-a0f6-420e-9fa9-5e98ad784ea3	GET	/files	http://localhost:3000
20230402	21:11:03	d7a090ba-a3b3-43ce-9dbf-9ae9645edf03	GET	/files	http://localhost:3000
20230402	21:11:03	921b9e5c-e854-4cde-af0f-c0cbca94b199	GET	/files	http://localhost:3000
20230402	21:11:16	ef1b77e7-9579-43b9-8996-07c75083a0ab	GET	/files	http://localhost:3000
20230402	21:11:50	3017a02a-79bb-40fe-b12c-889337007bcf	GET	/files	http://localhost:3000
20230402	21:12:17	ea228f93-45e7-47e6-9383-fe92dd493e06	GET	/files	http://localhost:3000
20230402	21:12:17	ea54ce84-50f2-4869-aee9-164300444185	GET	/files	http://localhost:3000
20230402	21:12:23	3d10dcb8-3ea8-4d39-82e4-3f871b7ec6ac	GET	/files	http://localhost:3000
20230402	21:12:23	4d13a35e-1c42-472a-b473-c052fff33481	GET	/files	http://localhost:3000
20230402	21:13:34	b9f922a3-108d-4567-ad44-2d6c94f8c021	OPTIONS	/files	http://localhost:3000
20230402	21:13:35	eaeb28b8-cd1b-4724-8695-661446b43948	POST	/files	http://localhost:3000
20230402	21:14:20	b9de329e-c3de-405f-aec3-6801d848fe26	OPTIONS	/files	http://localhost:3000
20230402	21:14:20	ee884a72-8f2a-4d01-9eff-a677d956e830	POST	/files	http://localhost:3000
20230402	21:15:56	552dc75f-571a-4aaf-8699-b773564d7b25	GET	/files	http://localhost:3000
20230402	21:15:56	364636b5-73b4-461d-97af-06d16adb7175	GET	/files	http://localhost:3000
20230402	21:16:01	626420a3-9d7b-40d0-a4e3-36695bec34b9	OPTIONS	/files	http://localhost:3000
20230402	21:16:01	51b9a62d-5b64-4196-8e75-3c1e5998b6aa	POST	/files	http://localhost:3000
20230402	21:19:03	b5b6e6a0-50b7-483c-9e8b-104ce19e62fb	OPTIONS	/files	http://localhost:3000
20230402	21:19:03	d847ab3d-ec02-407e-b7c3-7da16892b8f8	POST	/files	http://localhost:3000
20230402	21:29:07	ec4ad480-0273-4be4-96a1-1dd3006bed77	GET	/files	http://localhost:3000
20230402	21:30:20	8aedfa10-9370-4314-b5d4-cc894a16e31f	GET	/files	http://localhost:3000
20230402	21:30:20	9496c449-2c87-4a8d-85fb-5b46ea6e50c7	GET	/files	http://localhost:3000
20230402	21:30:25	0897bd61-c131-4559-a6bc-00de31656712	OPTIONS	/files	http://localhost:3000
20230402	21:30:25	a3481e4c-2e7b-4c75-98a9-f2a29324afbd	POST	/files	http://localhost:3000
20230403	00:10:08	546d9f39-a4d2-4e40-958d-873565dbd05e	GET	/files	http://localhost:3000
20230403	00:10:28	4ab6a7e4-a81c-4eff-88fd-c5308ced0a2e	GET	/files	http://localhost:3000
20230403	00:11:23	8a1b2f95-78e4-4d35-b60c-1100b2e9ab57	GET	/files	http://localhost:3000
20230403	00:11:24	4da94ed2-237b-4e5f-ae42-64884c72b4b6	GET	/files	http://localhost:3000
20230403	00:11:55	96141785-1cf4-4019-8742-7f7693cb534b	GET	/files	http://localhost:3000
20230403	00:12:15	80654290-876e-467e-9577-706e8e8ac9c7	GET	/files	http://localhost:3000
20230403	00:12:25	50e8812e-a8e7-45ea-a4df-d5a1ec7d2208	GET	/files	http://localhost:3000
20230403	00:12:25	253310a7-f86e-4c62-8860-a65ce48db588	GET	/files	http://localhost:3000
20230404	18:57:07	e76cb25f-d4d8-49c4-9125-72a6ec685048	GET	/files	http://localhost:3000
20230404	18:57:27	f676183e-2b7b-4740-8fc6-5e7f5d2c16a1	GET	/files	http://localhost:3000
20230404	18:58:09	d246ad46-8105-417a-a2ae-5600251f8bed	GET	/files	http://localhost:3000
20230404	18:58:09	2eef5c03-f4de-4079-99d6-ba81d034ecef	GET	/files	http://localhost:3000
20230404	18:58:16	86ce28df-ffc1-4ef0-b6a7-362753577706	GET	/files	http://localhost:3000
20230404	18:58:16	2199c679-f494-4754-bbe7-eebbd6ae6c00	GET	/files	http://localhost:3000
20230404	19:02:08	741e37a8-c3c7-43ae-8893-c154fcba8b61	GET	/files	http://localhost:3000
20230404	19:02:28	77de6d99-702e-4416-bc67-e96dbc29b11f	GET	/files	http://localhost:3000
20230404	19:06:12	c27e30a3-f9ec-4bf1-8fcd-9e66eb5370bc	GET	/files	http://localhost:3000
20230404	19:06:12	a6f64745-5917-49d6-806d-b1719d5eda38	GET	/files	http://localhost:3000
20230404	19:06:24	4cab50f0-2ab5-458c-b8d9-c37f7aa4e610	OPTIONS	/files	http://localhost:3000
20230404	19:06:24	9c8aad7a-88c7-4e7e-b9ea-da4d2d90b7e1	POST	/files	http://localhost:3000
20230404	19:09:44	499f31c2-29a3-4098-a054-e8150bd2fb7e	GET	/files	http://localhost:3000
20230404	19:09:45	dfff0f86-04a2-4b7c-ae87-ee27de99c136	GET	/files	http://localhost:3000
20230404	19:09:47	07987abb-3c51-46df-b203-b8057ebf4c67	OPTIONS	/files	http://localhost:3000
20230404	19:09:47	bc082db6-477c-430d-9939-371601baa2e2	POST	/files	http://localhost:3000
20230404	19:11:33	0dfa7bc1-c8ef-4137-b876-7284e4eeb2d2	GET	/files	http://localhost:3000
20230404	19:11:33	148c79c6-e5ff-49bf-9a2a-148e08c4b01a	GET	/files	http://localhost:3000
20230404	19:11:35	2496787b-05f5-4359-9df7-6d4a6a27d071	OPTIONS	/files	http://localhost:3000
20230404	19:11:35	3f6042e3-5c9a-4b44-a5f2-bf3cedb4af54	POST	/files	http://localhost:3000
20230404	19:12:13	5bb31112-e778-488e-a152-023693f5b72e	GET	/files	http://localhost:3000
20230404	19:12:14	4c832546-88ba-40b1-89a9-e2ce091cc600	GET	/files	http://localhost:3000
20230404	19:12:16	03745d3b-920a-4743-8576-0d2801a454c5	OPTIONS	/files	http://localhost:3000
20230404	19:12:16	10502db5-1c83-429a-8387-96dab1cf5999	POST	/files	http://localhost:3000
20230404	19:13:20	df7fe246-9def-416c-9cba-b24f2c983313	GET	/files	http://localhost:3000
20230404	19:13:20	b9cb6ee7-589d-4f7d-8da0-fe6d594447cc	GET	/files	http://localhost:3000
20230404	19:13:22	1d9ace84-0013-4054-a71a-ac0e7d6086d0	OPTIONS	/files	http://localhost:3000
20230404	19:13:22	6c6aae1f-8193-479c-9adc-c247d349d2b0	POST	/files	http://localhost:3000
20230404	19:15:33	4bc02bf7-25bd-4581-96e9-2eee078a8ccb	GET	/files	http://localhost:3000
20230404	19:15:34	58dc260d-6b4f-46e4-bc70-85bdcf612058	GET	/files	http://localhost:3000
20230404	19:15:36	c1abdb28-57d3-49af-b1f1-bd4eeaeae5e5	OPTIONS	/files	http://localhost:3000
20230404	19:15:36	f267aeac-72bc-41a3-8de1-490558299c96	POST	/files	http://localhost:3000
20230404	19:16:22	18f2aa3b-849f-4479-a1e5-7b12a6f1b7ac	GET	/files	http://localhost:3000
20230404	19:16:22	67efb2cc-b6d3-4664-a1ba-b15d5c307839	GET	/files	http://localhost:3000
20230404	19:16:24	d4b564e8-daaf-45c7-bd18-3a02b9d4a4cf	OPTIONS	/files	http://localhost:3000
20230404	19:16:24	eed0d0db-9cdf-48ad-8bf9-0323d18a3186	POST	/files	http://localhost:3000
20230404	19:17:38	44fbfa53-dbbd-40f7-bb03-1e640c582f32	OPTIONS	/files	http://localhost:3000
20230404	19:17:38	b3155ddc-0f4c-4e11-b23c-27522cb27a7e	POST	/files	http://localhost:3000
20230410	20:17:17	ec81ec0a-720e-4e11-83ff-e0cdf884799f	GET	/files	http://localhost:3000
20230410	20:17:17	d41a62a8-9284-4b5b-82cc-9e9e0065a903	GET	/files	http://localhost:3000
20230410	20:17:25	a8a57977-4449-42ed-9b23-3165fccd7dea	OPTIONS	/files	http://localhost:3000
20230410	20:17:25	d5e1a511-5efd-4931-ace9-bf759db8a99a	POST	/files	http://localhost:3000
20230410	20:35:24	eab8ee55-4db9-40de-92dc-59e2c3e1bd14	GET	/files	http://localhost:3000
20230410	20:35:24	25e6ab8c-f3d6-4fe6-b1ac-888fad2c1af6	GET	/files	http://localhost:3000
20230410	20:35:58	1178a42a-1eb5-44ec-80bb-214952cfda04	GET	/files	http://localhost:3000
20230410	20:35:58	516ae789-d8c6-4918-8757-07c711050da3	GET	/files	http://localhost:3000
20230410	20:35:59	a3d4dc43-82fb-4711-ad42-58bc12dad470	GET	/files	http://localhost:3000
20230410	20:35:59	93c7c213-f39e-4cd6-b211-5dcb58aa373b	GET	/files	http://localhost:3000
20230410	20:36:03	7f135b00-edda-4122-a602-7f4e3287299e	OPTIONS	/files	http://localhost:3000
20230410	20:36:03	484e8d5a-26a5-444f-842c-46eb31837456	POST	/files	http://localhost:3000
20230410	20:37:00	d878f84f-7f81-4915-8e5d-ad62149be19f	GET	/files	http://localhost:3000
20230410	20:37:01	d83f939b-d8ff-4a2e-a16e-ba28a9f41b4e	GET	/files	http://localhost:3000
20230410	20:37:01	4643a06b-1d43-41e3-9cbb-04d1212b3694	GET	/files	http://localhost:3000
20230410	20:37:01	43530f12-85be-4b94-857e-c7eb928da377	GET	/files	http://localhost:3000
20230410	20:37:05	62f30cd0-1a49-4d9b-bc45-1f633439bcab	OPTIONS	/files	http://localhost:3000
20230410	20:37:05	b756d711-60fd-4cfd-9c19-27f263532ba0	POST	/files	http://localhost:3000
20230410	20:39:03	21cb4bb7-7b96-43c6-b82e-1b094dc0675c	OPTIONS	/files	http://localhost:3000
20230410	20:39:03	cbc6881b-2984-40d2-ace6-fda4b72dbfd2	POST	/files	http://localhost:3000
20230410	20:39:21	f9405577-8449-411a-8120-ef6e69819ebd	GET	/files	http://localhost:3000
20230410	20:39:21	0b484f86-6a24-4e90-8dbe-5863ec147e0a	GET	/files	http://localhost:3000
20230410	20:39:21	e8407afc-97d0-421f-af8a-10aa76fbaf6f	GET	/files	http://localhost:3000
20230410	20:39:21	a861bd4e-af2a-44b5-b2e9-ec5fab31a1ac	GET	/files	http://localhost:3000
20230410	20:40:14	a79ec159-cf32-4104-af9b-6b99c9130102	OPTIONS	/files	http://localhost:3000
20230410	20:40:14	db6429b5-ef44-4e81-80e2-c51a1332458e	POST	/files	http://localhost:3000
20230410	20:41:37	111176c3-3db8-4933-a6dc-6fbafa3a53ec	OPTIONS	/files	http://localhost:3000
20230410	20:41:37	4d318468-52e3-4dd3-830d-7d80c317883d	POST	/files	http://localhost:3000
20230410	20:45:18	24d2b06d-db86-45f5-be1e-f056d15fe772	OPTIONS	/files	http://localhost:3000
20230410	20:45:18	0e8cb54a-cc5b-4fe9-82b8-eae7c54e0193	POST	/files	http://localhost:3000
20230414	13:31:37	4058496a-be77-4bd0-b6e2-b36af8a58658	GET	/files	http://localhost:3000
20230414	13:32:44	026371b1-11df-4cb7-a8f6-c0dbdd1f473a	GET	/files	http://localhost:3000
20230414	13:32:44	48192359-b481-4b49-ab1e-7fbebe63bf66	GET	/files	http://localhost:3000
20230414	13:34:18	ef7d093b-6a3a-4f3d-a047-94c57fcb087c	OPTIONS	/files	http://localhost:3000
20230414	13:34:18	84924422-3ae1-4535-a88d-5589883cc1cc	POST	/files	http://localhost:3000
20230414	13:35:33	ab5b5870-1c56-4227-9c1d-b19ad2132f0a	GET	/files	http://localhost:3000
20230414	13:35:33	b34f74ef-e606-4748-8a7d-ace83771eb6b	GET	/files	http://localhost:3000
20230414	13:35:35	3bfaab33-734a-4e5c-8296-10d3cd7de73c	OPTIONS	/files	http://localhost:3000
20230414	13:35:35	eeb3cb52-7dd0-4cb8-9929-6ad08a8a3fde	POST	/files	http://localhost:3000
20230414	13:41:17	3b0d5458-4f6f-413d-a323-2f91570b2f7d	GET	/files	http://localhost:3000
20230414	13:41:17	8492a1a2-3a0f-425d-9a89-72fc95468dfb	GET	/files	http://localhost:3000
20230414	13:41:19	c828c9f7-ea10-401d-bf7b-ea4cfe3226d5	OPTIONS	/files	http://localhost:3000
20230414	13:41:19	b5fec09d-c95d-419d-9835-4cc76488bc3c	POST	/files	http://localhost:3000
20230414	13:43:23	1448f8eb-fda1-47f3-b04c-8e456cc3f65e	GET	/files	http://localhost:3000
20230414	13:43:23	873fc509-8a94-4524-b0b0-b4412f5e4036	GET	/files	http://localhost:3000
20230414	13:43:25	b23be943-442b-4c85-8d00-c8df88d315af	OPTIONS	/files	http://localhost:3000
20230414	13:43:25	77db3774-cc73-49af-8b82-626d8624533a	POST	/files	http://localhost:3000
20230414	13:47:50	7962da30-57b9-4680-b785-3ac848da2223	GET	/files	http://localhost:3000
20230414	13:47:50	a3d3c16c-4623-492d-8d7c-ceaf4d91375a	GET	/files	http://localhost:3000
20230414	13:47:53	475e4bcd-63d9-46ad-b1c8-bed3d5d39f9d	OPTIONS	/files	http://localhost:3000
20230414	13:47:53	a9a313b0-d614-4fca-aefe-b170b902489c	POST	/files	http://localhost:3000
20230414	13:51:40	fc13c46b-3ed4-4e9a-8b90-5d4632e0d38a	GET	/files	http://localhost:3000
20230414	13:51:40	dec23bee-eef7-4d61-ba49-afdb030d456d	GET	/files	http://localhost:3000
20230414	13:51:42	c71c9415-7eb6-4f20-baac-893357a45338	OPTIONS	/files	http://localhost:3000
20230414	13:51:42	6145dd1b-41db-4d2a-abee-3c1c1b7ea0f4	POST	/files	http://localhost:3000
20230414	13:51:45	90f2f0fa-e5ee-4cf5-a35a-57c1f93c7d55	GET	/files	http://localhost:3000
20230414	13:51:45	7c5ec78a-0535-4eee-8d44-e8f756f37a35	GET	/files	http://localhost:3000
20230414	13:51:47	4518b27e-798c-402f-b632-c08f1271a929	OPTIONS	/files	http://localhost:3000
20230414	13:51:47	4ffcc764-af22-40fe-a603-da8ec44f1760	POST	/files	http://localhost:3000
20230414	13:56:13	aca7971d-82e1-4aff-8ff0-1f528d75f5e2	GET	/files	http://localhost:3000
20230414	13:56:13	40ad73f5-3d6c-45f0-bada-d6ffa47c1fcd	GET	/files	http://localhost:3000
20230414	13:56:21	4a7e37bb-8786-4b42-8a31-e73d1dd4bb12	OPTIONS	/files	http://localhost:3000
20230414	13:56:21	3d6a7b06-2cea-463c-aa83-903547f6a98c	POST	/files	http://localhost:3000
20230414	13:59:29	6ecadf2e-cd5c-4e00-873e-e97980d33503	GET	/files	http://localhost:3000
20230414	13:59:29	01949106-ef6c-45df-be3c-2404a72ea465	GET	/files	http://localhost:3000
20230414	13:59:34	2d75b698-5709-437d-bcc0-e58aef7e23b0	OPTIONS	/files	http://localhost:3000
20230414	13:59:34	df98bc9d-bd2c-4b94-9465-b0f949fcf21c	POST	/files	http://localhost:3000
20230414	14:01:52	f8c64e52-2f05-4a7e-bd05-8a96c7709496	GET	/files	http://localhost:3000
20230414	14:01:52	45ac3fb3-7490-4e43-93a1-b57b5a7ba5c3	GET	/files	http://localhost:3000
20230414	14:01:56	cd94de94-5dcc-41b9-99ae-411f2931ae91	OPTIONS	/files	http://localhost:3000
20230414	14:01:56	41b76d81-8cc6-41d7-9547-2d11faf4801c	POST	/files	http://localhost:3000
20230414	14:02:53	9598547e-2059-4caf-ad9c-2de66a9d90d9	GET	/files	http://localhost:3000
20230414	14:02:53	09fb3cde-ab59-49cd-b936-cceaf9949402	GET	/files	http://localhost:3000
20230414	14:03:00	caefc430-29b5-459c-8d9d-76ef1254812a	OPTIONS	/files	http://localhost:3000
20230414	14:03:00	3890a224-acdd-4a4e-8ade-71c7f092fbf4	POST	/files	http://localhost:3000
20230414	14:06:37	964461d9-e385-4c15-85e3-eba16dcac4e4	GET	/files	http://localhost:3000
20230414	14:06:37	6906694f-ebae-414d-a27a-c913dcdfcb32	GET	/files	http://localhost:3000
20230414	14:06:39	729d6774-dcbc-49fa-baf2-526eecdb4fd4	OPTIONS	/files	http://localhost:3000
20230414	14:06:39	836d1332-cb26-4769-b732-1cc4bb7864c9	POST	/files	http://localhost:3000
20230414	14:08:03	e4b1b6b8-9dbe-4d7f-b949-6a9e177bd359	GET	/files	http://localhost:3000
20230414	14:08:03	d7f6f6e0-6fd6-40ee-8291-ced313c5b587	GET	/files	http://localhost:3000
20230414	14:08:05	5acf8bd0-b62d-46c4-b9a3-a9a0d6ee0b57	OPTIONS	/files	http://localhost:3000
20230414	14:08:05	17fc3738-b9ef-4c27-9cdb-d0b55422150f	POST	/files	http://localhost:3000
20230414	14:08:42	ee52c086-cef6-48b3-9a2c-64f3aadc2967	GET	/files	http://localhost:3000
20230414	14:08:42	31eec0e2-1c15-475a-b8e4-810b0c7baa5d	GET	/files	http://localhost:3000
20230414	14:08:44	ce6763ac-f943-46ba-a447-91c358b23595	OPTIONS	/files	http://localhost:3000
20230414	14:08:44	604f3dbd-ef78-4c92-b861-7f5672900bae	POST	/files	http://localhost:3000
20230414	14:10:53	f74c2969-2621-43dc-9a5b-c67acadbb218	GET	/files	http://localhost:3000
20230414	14:10:53	3ec1732a-ca93-4d02-94e9-d4881e0c6e27	GET	/files	http://localhost:3000
20230414	14:10:55	634a1a6b-819a-48b8-943a-7ce5e0902532	OPTIONS	/files	http://localhost:3000
20230414	14:10:55	cd2033b8-b482-4ab4-987e-a22eb6f78b64	POST	/files	http://localhost:3000
20230414	14:12:15	06b08577-9764-48a9-919b-182c0c6e95ec	GET	/files	http://localhost:3000
20230414	14:12:15	1aa4ab5a-7953-48c0-8066-83dafcdd2555	GET	/files	http://localhost:3000
20230414	14:12:17	dcc09027-4688-4905-b06c-be616def1cd4	OPTIONS	/files	http://localhost:3000
20230414	14:12:17	37abfd1c-1cec-4eca-aeeb-13a6327ad940	POST	/files	http://localhost:3000
20230414	14:15:52	ad62fd2e-8ead-4cc3-ad50-7966e8848706	GET	/files	http://localhost:3000
20230414	14:15:52	fe87632d-df3f-41d5-bfe4-33dd0ac4c2bc	GET	/files	http://localhost:3000
20230414	14:15:54	ce1d524f-5814-4b16-af47-f4d9c680093c	OPTIONS	/files	http://localhost:3000
20230414	14:15:54	a75e0610-3381-41a7-851f-4b3c23d2ca80	POST	/files	http://localhost:3000
20230414	14:16:55	3fe1b7bb-7008-4799-9f6c-573d57734c41	GET	/files	http://localhost:3000
20230414	14:16:55	282fc76b-9531-4fe5-a906-7c1a88f56702	GET	/files	http://localhost:3000
20230414	14:16:57	4b383a74-f89f-4a8f-b044-83a3398c7382	OPTIONS	/files	http://localhost:3000
20230414	14:16:57	006d4841-c9e5-4975-a5b1-cc18fd50e3ab	POST	/files	http://localhost:3000
20230414	14:17:48	ae146a7f-5ef5-4961-b531-3d9618905864	GET	/files	http://localhost:3000
20230414	14:17:48	09bbd58c-b417-43e3-9538-991579874f58	GET	/files	http://localhost:3000
20230414	14:17:49	2d354d87-6589-4756-95f3-966d12d589e5	OPTIONS	/files	http://localhost:3000
20230414	14:17:49	3d75aea5-8db2-448f-8bdd-809b3a598d76	POST	/files	http://localhost:3000
20230414	14:19:09	27aa3766-3ec8-49c5-b3f8-80d7f3f92548	GET	/files	http://localhost:3000
20230414	14:19:10	6d6b1730-203c-4eda-b4c4-dada780ce6fa	GET	/files	http://localhost:3000
20230414	14:19:11	eba87d52-ce9b-4403-a891-19577f545954	OPTIONS	/files	http://localhost:3000
20230414	14:19:11	1ecd643b-8b7e-48df-9d42-4438399883f3	POST	/files	http://localhost:3000
20230414	14:19:55	5997292f-f782-44a6-a6ec-bb37f2914508	GET	/files	http://localhost:3000
20230414	14:19:55	cf8734bc-83ed-4f05-b113-15a6a575fe87	GET	/files	http://localhost:3000
20230414	14:19:57	5289185b-a29b-4a8a-a854-a2feececb247	OPTIONS	/files	http://localhost:3000
20230414	14:19:57	da9cca9a-5d01-4ec6-aff6-67f8049d6fa0	POST	/files	http://localhost:3000
20230414	14:27:01	e1d94fca-8406-45de-a043-ddcc444ebff0	GET	/files	http://localhost:3000
20230414	14:27:01	5debc4ac-7184-4323-af12-7a102ce4fcec	GET	/files	http://localhost:3000
20230414	14:27:03	83229f33-a610-49b3-90af-f11e8ed7474e	OPTIONS	/files	http://localhost:3000
20230414	14:27:03	0f416954-2963-4b97-ab48-21450eda36c0	POST	/files	http://localhost:3000
20230414	14:31:19	1c577be9-7700-43e9-8823-95b190a5578b	GET	/files	http://localhost:3000
20230414	14:31:20	7a7553d2-d125-450a-bbaa-7caff10b3b26	GET	/files	http://localhost:3000
20230414	14:32:09	8910f867-b85c-4c19-b111-a105b99b8615	OPTIONS	/files	http://localhost:3000
20230414	14:32:09	0dd3a2e1-b4fe-4949-bbc8-06144627ab82	POST	/files	http://localhost:3000
20230414	14:36:17	ba4e7d7b-a9c3-401c-b919-88b8d4fbeb8f	GET	/files	http://localhost:3000
20230414	14:36:17	9ca7ca54-66e6-4c92-814e-7832a9d3e539	GET	/files	http://localhost:3000
20230414	14:36:18	4047ece4-5bb1-468d-8183-c0dc8ba8c4a0	OPTIONS	/files	http://localhost:3000
20230414	14:36:18	f4d63cb9-87a8-475c-b3d9-27d581e67ebb	POST	/files	http://localhost:3000
20230414	14:37:47	b1f262c6-e9c5-4dd3-a5ac-5c1d53bd0b3c	GET	/files	http://localhost:3000
20230414	14:37:47	b325a9e1-06b4-4d58-be78-9c44255ff949	GET	/files	http://localhost:3000
20230414	14:37:51	ae2538cf-ea29-42dd-98d5-4b38c71748d1	OPTIONS	/files	http://localhost:3000
20230414	14:37:51	ee8a1de7-d588-469e-8bdc-2f094fdc6104	POST	/files	http://localhost:3000
20230414	14:38:32	178dbaa9-9a6c-4e7d-89ea-360a843a3bb0	GET	/files	http://localhost:3000
20230414	14:38:32	dacd507f-1375-46e6-97f2-3a8857e3fce6	GET	/files	http://localhost:3000
20230414	14:38:33	24b71e9d-a331-41bb-96d2-7ef26c7a38f8	OPTIONS	/files	http://localhost:3000
20230414	14:38:33	4ea0cab8-93a7-43fd-be56-b2e320d8c40e	POST	/files	http://localhost:3000
20230414	14:38:54	36a993d3-17a6-4f81-8ff8-f66b69736cae	OPTIONS	/files	http://localhost:3000
20230414	14:38:54	a0ef2564-4c48-4c28-94ce-42954bcbbdea	POST	/files	http://localhost:3000
20230414	14:41:32	7d44eef6-f139-4745-ac5b-9459a7bb572e	GET	/files	http://localhost:3000
20230414	14:41:32	4af82e7a-3df6-4f46-9b80-ed8653643277	GET	/files	http://localhost:3000
20230414	14:41:34	39d2b8fa-b351-4726-a773-83c03971cf39	OPTIONS	/files	http://localhost:3000
20230414	14:41:34	cfbcb35c-c9f1-4707-b247-69c3d2c0366c	POST	/files	http://localhost:3000
20230414	14:48:07	f24f76f9-7022-47f1-b9b6-3a3bd9481aa4	GET	/files	http://localhost:3000
20230414	14:48:07	293a3de1-dff3-4670-bd39-0fb9f3a65e77	GET	/files	http://localhost:3000
20230414	14:48:09	7b812e94-16e8-4b33-93ea-fea6cb41bed9	OPTIONS	/files	http://localhost:3000
20230414	14:48:09	5385104f-2c6c-4b8c-aef1-74836d1c92e7	POST	/files	http://localhost:3000
20230414	14:52:22	180e7adc-2a08-48e1-a6f8-557efb259ed3	GET	/files	http://localhost:3000
20230414	14:52:23	4cc4ee8a-8089-4f9a-b417-ab0d0202271b	GET	/files	http://localhost:3000
20230414	14:52:56	4a697b45-e33d-4696-a270-7c77b8cc5195	OPTIONS	/files	http://localhost:3000
20230414	14:52:56	dda5492c-9725-4b4d-9a66-6649f8e9124d	POST	/files	http://localhost:3000
20230414	14:57:10	ecb70761-4e73-4bcd-977b-f2ebe4358c72	GET	/files	http://localhost:3000
20230414	14:57:10	c46697e0-a450-4ae6-a800-aa5e045769e0	GET	/files	http://localhost:3000
20230414	14:57:12	0ed0f38d-aa8e-4d4b-b903-5d1db94ec718	OPTIONS	/files	http://localhost:3000
20230414	14:57:12	205d92ce-c030-4c58-808d-7038627ee94a	POST	/files	http://localhost:3000
20230414	14:59:57	2ddd07ca-f719-47b1-a151-3fcd9d4b557b	GET	/files	http://localhost:3000
20230414	14:59:57	1f548ca9-93bc-4dac-bbb0-e170d3cc8a7f	GET	/files	http://localhost:3000
20230414	14:59:59	2999091e-f38e-4ebc-b9c6-69c5eea59424	OPTIONS	/files	http://localhost:3000
20230414	14:59:59	48afdd41-b36e-4f01-90da-a95c0b739444	POST	/files	http://localhost:3000
20230414	15:04:55	aa72637b-c03a-4754-8bc5-1bcae61b3eaf	GET	/files	http://localhost:3000
20230414	15:04:55	c45ddf1e-3c8f-4bab-b0c5-98160eaacf82	GET	/files	http://localhost:3000
20230414	15:04:58	a0e77a74-e0a1-4129-a8fc-2907f3297561	OPTIONS	/files	http://localhost:3000
20230414	15:04:58	e1b0ef98-de20-451b-95fb-b0f160eca328	POST	/files	http://localhost:3000
20230414	15:06:18	f62e08c1-eb25-41f7-84ed-4ca3c4f09eba	GET	/files	http://localhost:3000
20230414	15:06:18	26c15042-dea0-4591-ad5d-911bee7452b3	GET	/files	http://localhost:3000
20230414	15:06:19	4677afbb-3cb5-4cab-a39f-4cad86aa3358	OPTIONS	/files	http://localhost:3000
20230414	15:06:19	80d7677d-5cb0-4d30-9233-71424b28eb0c	POST	/files	http://localhost:3000
20230414	15:09:08	d2b8ec7c-bea5-4d74-80bd-f25d32f0d7f3	GET	/files	http://localhost:3000
20230414	15:09:08	2f1a522f-d398-4594-9a9a-a93f8b83e2af	GET	/files	http://localhost:3000
20230414	15:09:11	5cbf4a2f-770a-4954-bb52-d674d2187786	OPTIONS	/files	http://localhost:3000
20230414	15:09:11	faae29bf-d3bc-4aa3-a7f8-33a2cca74db5	POST	/files	http://localhost:3000
20230414	15:09:28	c6146901-8578-4701-ac0b-bfac13d23ae5	OPTIONS	/files	http://localhost:3000
20230414	15:09:28	c4acaa51-e059-4860-8801-7b7f24bd74b7	POST	/files	http://localhost:3000
20230414	15:11:22	3675d86a-9277-4e89-8005-13c95a60737d	GET	/files	http://localhost:3000
20230414	15:11:22	c62fc8ae-135e-4f4d-b3aa-c8ae0d5e282e	GET	/files	http://localhost:3000
20230414	15:11:27	3337b9ac-9092-4b5b-80a6-93e214f2a9c9	OPTIONS	/files	http://localhost:3000
20230414	15:11:27	01835e80-8d73-42c8-a389-7a4ba6d045ac	POST	/files	http://localhost:3000
20230414	15:16:11	846fce2e-4b50-4afe-8ebf-b549ce5f5fca	GET	/files	http://localhost:3000
20230414	15:16:11	9d40378c-5f43-4d04-961e-9b3b9d6a502a	GET	/files	http://localhost:3000
20230414	15:16:58	11541776-16c9-4731-9695-90e1bb32d198	GET	/files	http://localhost:3000
20230414	15:16:58	1a850d7f-e2d7-4a10-ae3f-f4487d316718	GET	/files	http://localhost:3000
20230414	15:16:59	0e02a5b1-9b1f-4925-9948-23ed7bbb7019	OPTIONS	/files	http://localhost:3000
20230414	15:16:59	11f51270-2410-4c36-806a-171c34768066	POST	/files	http://localhost:3000
20230414	15:17:40	d1a9ca7c-301f-4044-98e2-48a055a2a61d	GET	/files	http://localhost:3000
20230414	15:17:40	b9e72c36-dd0b-4eb0-8b8d-581e123237a5	GET	/files	http://localhost:3000
20230414	15:17:45	6825571b-5cc6-48e7-bb3d-ffd32db1e8fb	OPTIONS	/files	http://localhost:3000
20230414	15:17:45	91444f22-1c08-4fc8-aaf0-d41bee8972b3	POST	/files	http://localhost:3000
20230414	15:20:19	1b934b60-f827-477b-9f2f-20ea18a68ce5	GET	/files	http://localhost:3000
20230414	15:20:19	93aa7bfd-f550-4545-9437-b658b3de13a0	GET	/files	http://localhost:3000
20230414	15:20:20	38be2701-bfc9-4537-86bb-d0c54e5f5cdc	OPTIONS	/files	http://localhost:3000
20230414	15:20:20	4092d2d4-722e-45d0-9d9a-52e0ca94e9bb	POST	/files	http://localhost:3000
20230414	15:21:47	feea530e-d4cb-4f84-b78e-0a64a5d4807e	GET	/files	http://localhost:3000
20230414	15:21:47	e6391899-b151-463c-afef-341b1659bb54	GET	/files	http://localhost:3000
20230414	15:21:49	88ccf9a1-2812-42df-b1db-f95a3d5e012a	OPTIONS	/files	http://localhost:3000
20230414	15:21:49	823db479-2e0a-446f-adf7-6432eb5bbcbf	POST	/files	http://localhost:3000
20230414	15:22:14	dde23d5f-07c5-4234-bfd4-f198b9d5b9e0	GET	/files	http://localhost:3000
20230414	15:22:14	c5b2eef1-2481-4471-813f-ae97eab14767	GET	/files	http://localhost:3000
20230414	15:22:19	e7e376db-2613-4db5-93a0-8e32c4a4ad65	OPTIONS	/files	http://localhost:3000
20230414	15:22:19	c238124d-ec09-444c-9228-d07086157094	POST	/files	http://localhost:3000
20230414	15:25:08	06d180f6-3610-4b81-b069-d98052a27e03	GET	/files	http://localhost:3000
20230414	15:25:08	691b61e9-e3ec-4e23-b7f9-08f9f92c36db	GET	/files	http://localhost:3000
20230414	15:25:11	d759f65a-281a-4b52-a978-f4ed39d6fba8	OPTIONS	/files	http://localhost:3000
20230414	15:25:11	46c48597-5e17-4e2a-9eba-a8889e990fae	POST	/files	http://localhost:3000
20230414	15:25:41	11112dfc-bc83-4b1a-9c97-56fa5407a0ed	GET	/files	http://localhost:3000
20230414	15:25:41	523e40e1-c43e-4e53-9e93-9fed3112da5f	GET	/files	http://localhost:3000
20230414	15:25:43	1116f061-6273-4402-b870-ef473d905639	OPTIONS	/files	http://localhost:3000
20230414	15:25:43	a72b782b-dd64-4d19-98d5-b6c8ddeab2e1	POST	/files	http://localhost:3000
20230414	16:05:44	a9ae7e91-e96d-48a1-8d93-189bda062990	GET	/files	http://localhost:3000
20230414	16:05:44	0ed36579-211c-4cad-966f-db8389328bd2	GET	/files	http://localhost:3000
20230414	16:05:53	afeb668c-66bd-49fe-affb-027d047444d2	OPTIONS	/files	http://localhost:3000
20230414	16:05:53	c73e08c6-b43d-49d3-95d1-8c891afb08eb	POST	/files	http://localhost:3000
20230414	16:07:48	afd2bf9a-5892-41bc-b02f-43570f6b6f14	GET	/files	http://localhost:3000
20230414	16:07:48	a1ae2afe-1f31-47fd-ad39-1452b343d8aa	GET	/files	http://localhost:3000
20230414	16:07:54	3a3dd403-d6ec-42c9-b442-dc0e3c763a77	OPTIONS	/files	http://localhost:3000
20230414	16:07:54	0ceb34da-f9bb-4a24-bf09-0609af43ca31	POST	/files	http://localhost:3000
20230414	16:09:43	ea04208c-1bd8-4bdc-bb8c-3ac9c9a1c10f	OPTIONS	/files	http://localhost:3000
20230414	16:09:43	2f1e13e4-168a-425d-8fdb-9d53454b3113	POST	/files	http://localhost:3000
20230414	16:14:45	f0b7ab67-df8c-4d86-b72a-9f108cc3f7bb	GET	/files	http://localhost:3000
20230414	16:14:45	770c0e54-fefc-43e9-8e62-20078bbb4647	GET	/files	http://localhost:3000
20230414	16:14:47	eea0f2c7-9b2d-4f55-9208-1d974e351120	OPTIONS	/files	http://localhost:3000
20230414	16:14:47	bd504952-5ae4-41c9-a9fa-7e47bd042f20	POST	/files	http://localhost:3000
20230414	16:16:44	fe471519-874b-4fdb-a646-8600edb80042	GET	/files	http://localhost:3000
20230414	16:16:44	d1dd288c-8d1b-4a52-9920-954f10bdb618	GET	/files	http://localhost:3000
20230414	16:16:46	99fee567-9dc9-4cec-a528-69949842858d	OPTIONS	/files	http://localhost:3000
20230414	16:16:46	1b7f286a-cc91-45f1-b281-56a7066b0f49	POST	/files	http://localhost:3000
20230414	16:59:27	662fcc0d-fe34-4a31-8baf-cbf86a5eece2	GET	/files	http://localhost:3000
20230414	16:59:27	9ca25bc9-04ab-4152-97e7-0a33cd03b43a	GET	/files	http://localhost:3000
20230414	16:59:32	8b379899-dcb3-4341-bfe0-1b223a004903	OPTIONS	/files	http://localhost:3000
20230414	16:59:32	b4427374-62c7-4c60-b6c9-2547a8efba11	POST	/files	http://localhost:3000
20230414	17:00:27	a15e781d-09ae-44a8-b8ca-59f94753543d	OPTIONS	/files	http://localhost:3000
20230414	17:00:27	a4a011fb-d5d7-4a0d-b8f6-0893d13ef072	POST	/files	http://localhost:3000
20230414	17:02:03	bacec38d-f871-4a54-85d6-db5abf69d5ed	OPTIONS	/files	http://localhost:3000
20230414	17:02:03	ed789f51-256d-4082-93db-b3eeecc68b4d	POST	/files	http://localhost:3000
20230416	11:51:39	16e62f00-401a-4591-8dd0-03f51f5029dc	GET	/files	http://localhost:3000
20230416	11:51:39	d3ac8512-2689-478b-a492-4f4aa8ba56ad	GET	/files	http://localhost:3000
20230416	11:51:45	7f078e7e-6f1e-46b4-8a63-803e4d8481df	OPTIONS	/files	http://localhost:3000
20230416	11:51:45	b95a2d30-9be9-4b66-8580-16f41f6023cf	POST	/files	http://localhost:3000
20230416	12:00:14	a617de7a-eb0b-4f42-9587-d40680ec5dcc	GET	/files	http://localhost:3000
20230416	12:00:14	30adcc44-316e-403f-bc18-abacdf69ade4	GET	/files	http://localhost:3000
20230416	12:00:19	009e9e15-4798-4d37-a282-ffc78ba2d552	OPTIONS	/files	http://localhost:3000
20230416	12:00:19	f4099ee0-e7e7-4a40-8f2d-e377a208432f	POST	/files	http://localhost:3000
20230416	12:30:34	448c3508-2135-42d6-b678-dd57dc27904d	GET	/files	http://localhost:3000
20230416	12:30:34	aeec6233-9dc2-4650-acf2-490cfd3ac198	GET	/files	http://localhost:3000
20230416	12:30:37	beb9a4d9-550a-492b-9be5-71ac7295fd92	OPTIONS	/files	http://localhost:3000
20230416	12:30:37	e695f444-fec3-4ee0-8191-771d12e7118a	POST	/files	http://localhost:3000
20230416	12:31:03	2f114ccc-a3bc-4454-abdd-8ea6a1518c73	OPTIONS	/files	http://localhost:3000
20230416	12:31:03	77583e9a-b91e-4367-87f4-435bcee36021	POST	/files	http://localhost:3000
20230416	12:39:42	9510d541-8bd8-40ea-9566-27225207b5be	OPTIONS	/files	http://localhost:3000
20230416	12:39:43	224ae9dd-5b7b-4a91-b9c1-61dec4e2cb6b	POST	/files	http://localhost:3000
20230416	13:06:38	6c554feb-b24e-44a7-8c73-8227224c068f	GET	/files	http://localhost:3000
20230416	13:06:56	3ae99f51-a56b-493b-ae92-a1c2b85e3aea	GET	/files	http://localhost:3000
20230416	13:06:56	08a3d192-dca1-4a40-89f6-8ad48841d2d9	GET	/files	http://localhost:3000
20230416	13:07:19	001c494c-eb12-4199-b4aa-c8b557e56cf4	GET	/files	http://localhost:3000
20230416	13:07:21	d51daf22-81ba-43c7-8766-1a42567f293c	GET	/files	http://localhost:3000
20230416	13:07:21	374711bc-d9d1-4ef7-9949-8e1989fbb571	GET	/files	http://localhost:3000
20230416	13:10:46	b094ac81-e7f0-41c3-ac35-8e23dc09830a	GET	/files	http://localhost:3000
20230416	13:11:08	1bda2fc0-300e-4aac-95da-619f14a16f6d	GET	/files	http://localhost:3000
20230416	13:11:08	254c5805-b74b-4a27-bbda-366bfbd4ef34	GET	/files	http://localhost:3000
20230416	13:11:25	1d1a1999-ce15-46e1-bd10-cd8dba909cb5	GET	/files	http://localhost:3000
20230416	13:11:28	f2100275-e921-4c53-a708-36a5f8d8b6ff	GET	/files	http://localhost:3000
20230416	13:11:28	f4468f29-d928-4d30-88b2-92e415c46bf7	GET	/files	http://localhost:3000
20230416	13:13:41	719d84fa-5f23-4dc9-a8ca-9449d6da780e	OPTIONS	/files	http://localhost:3000
20230416	13:13:41	5182e598-8da6-4b4f-91d4-755579d8a1f0	POST	/files	http://localhost:3000
20230416	13:13:46	7fecec08-c56b-4a8b-ab0f-09886432c292	GET	/files	http://localhost:3000
20230416	13:13:46	41df1478-0d5a-435c-9bbe-c004ee87dbf7	GET	/files	http://localhost:3000
20230416	13:14:26	c16a66e3-d157-424b-8755-1528442b8438	OPTIONS	/files	http://localhost:3000
20230416	13:14:26	cb3a30f6-4fa5-418d-9e4f-30ec043c3877	POST	/files	http://localhost:3000
20230416	13:15:57	7514891a-a641-4253-a22d-d9278cfab721	GET	/files	http://localhost:3000
20230416	13:15:57	1357ca9e-23d6-4ce2-ab7b-d386936b5f67	GET	/files	http://localhost:3000
20230416	13:21:23	af4cabcf-afa0-4379-9618-947d0b6edc03	GET	/files	http://localhost:3000
20230416	13:21:23	87d9233e-7c23-4e95-bc6a-0b5f36eb034c	GET	/files	http://localhost:3000
20230416	13:23:54	77d2b904-abb6-48ba-a24c-653a7431bcad	GET	/files	http://localhost:3000
20230416	13:24:19	45afc1c4-7585-4db2-b798-d8fa04934de2	GET	/files	http://localhost:3000
20230416	13:24:19	e7fd306c-8e4a-4b45-8166-a20e86df47ca	GET	/files	http://localhost:3000
20230416	13:24:26	e593a3da-92ff-4ebc-8cf5-6149b7eb06df	GET	/files	http://localhost:3000
20230416	13:24:26	358780d3-b6c2-4446-919d-44869968ba30	GET	/files	http://localhost:3000
20230416	13:24:54	3ce724cd-8db8-4806-9e61-31e74f4f8fd0	GET	/files	http://localhost:3000
20230416	13:24:56	87054c20-dcce-4739-b871-a2cdad41e003	GET	/files	http://localhost:3000
20230416	13:24:56	fe8f259e-2615-4947-bd5d-be58502590ee	GET	/files	http://localhost:3000
20230416	13:25:04	2c7fe69d-d000-4fa9-af99-10698c71bd57	OPTIONS	/files	http://localhost:3000
20230416	13:25:04	4b1a8f57-2f73-44de-b411-dcbc1b9ee590	POST	/files	http://localhost:3000
20230416	14:43:15	6ad1133e-4a3e-4c58-862c-a5d478c92263	GET	/files	http://localhost:3000
20230416	14:43:15	537713bf-222d-442f-b707-a6a9713bf255	GET	/files	http://localhost:3000
20230416	14:43:19	b1f46248-5f48-4df4-bd7f-525bd8c50180	OPTIONS	/files	http://localhost:3000
20230416	14:43:19	e6b58941-bba4-4e1c-9a61-8e25288fd2d0	POST	/files	http://localhost:3000
20230416	14:43:50	9deeb1ce-014e-4d0d-bbd6-e1125b4b6b75	GET	/files	http://localhost:3000
20230416	14:43:50	89306c6f-951d-4ca8-ab5c-b98464533122	GET	/files	http://localhost:3000
20230416	14:47:52	9265e029-aca5-4195-8b51-b80bcf06effe	OPTIONS	/files	http://localhost:3000
20230416	14:47:52	11257789-5a97-44a7-b935-630b7d712f2c	POST	/files	http://localhost:3000
20230416	14:51:34	29a861c8-4d7e-42ec-8ef1-90ca84358348	GET	/files	http://localhost:3000
20230416	14:51:36	05e4755e-40aa-45e4-94cb-3307ec7b0b06	GET	/files	http://localhost:3000
20230416	14:51:36	a3eca0b0-aadc-4df6-b61c-0d859733692a	GET	/files	http://localhost:3000
20230416	14:51:44	9f6f5db6-218b-4a02-ace1-b727ffda9b48	OPTIONS	/files	http://localhost:3000
20230416	14:51:44	cd866ca2-8d83-4cc0-8a57-d4a03a48d8d0	POST	/files	http://localhost:3000
20230416	15:00:42	6abf2b4f-4ab6-48cc-bb87-23c74db85d84	GET	/files	http://localhost:3000
20230416	15:01:13	a166e700-6a95-4221-9871-ba1c7febec58	GET	/files	http://localhost:3000
20230416	15:01:13	8b368774-dcf9-4cb4-8e76-71f83643b484	GET	/files	http://localhost:3000
20230416	15:01:34	3f0e928d-f62e-41e3-b897-98e895f2d568	GET	/files	http://localhost:3000
20230416	15:01:36	c182fa89-347f-48f3-bd0f-24272c9c135c	GET	/files	http://localhost:3000
20230416	15:01:36	e2e38e2c-76d8-4c69-9380-5db1317a7eaf	GET	/files	http://localhost:3000
20230416	15:04:17	23d05dab-a664-4d64-b648-5c8c00fb22b2	OPTIONS	/files	http://localhost:3000
20230416	15:04:17	8ff8cdcf-0e6a-439f-b9d1-a2b37dcd2d17	POST	/files	http://localhost:3000
20230416	15:07:38	c1d1dc44-cf8b-42af-91fe-2ea4eec28597	GET	/files	http://localhost:3000
20230416	15:07:41	4a22b056-490a-4676-86ea-65f46580e06f	GET	/files	http://localhost:3000
20230416	15:07:41	e65f6d83-9773-41a7-b5a1-2e2a2b9f3cc4	GET	/files	http://localhost:3000
20230416	15:07:45	a298a98a-bee3-4dab-b743-ff6eb7e645fd	OPTIONS	/files	http://localhost:3000
20230416	15:07:45	8246c163-33c7-4b9f-9902-366c77c198be	POST	/files	http://localhost:3000
20230416	15:16:40	551053f8-2c61-45d5-be58-8c519a801c9c	GET	/files	http://localhost:3000
20230416	15:16:50	fed2cd23-3ec0-4c30-94fe-da9b950117a1	GET	/files	http://localhost:3000
20230416	15:16:52	84bb2c26-f833-4567-8e40-acd49f7b5ea9	GET	/files	http://localhost:3000
20230416	15:16:52	8f450efa-fde3-4881-82d3-864e3cfe1d71	GET	/files	http://localhost:3000
20230416	15:17:03	b3504091-01c2-46d7-b789-4f52448072a4	OPTIONS	/files	http://localhost:3000
20230416	15:17:03	6a929649-1953-403c-8fa3-a7f962f221b7	POST	/files	http://localhost:3000
20230416	15:17:08	7f3e4f4b-47f5-44f9-b19e-c8aa0bcd6e56	GET	/files	http://localhost:3000
20230416	15:17:08	af911e4f-e421-43ea-a0a5-1b8881572fd7	GET	/files	http://localhost:3000
20230416	15:17:37	95b26472-b775-4217-a090-275a9f4bb7ff	OPTIONS	/files	http://localhost:3000
20230416	15:17:37	666bfa38-4bae-4581-8ae2-9ab0e44cfc6f	POST	/files	http://localhost:3000
20230416	15:17:42	cf852c29-fc3e-4b72-ab92-a80a3eb2a781	OPTIONS	/files	http://localhost:3000
20230416	15:17:42	a8782d62-9d1a-42da-8a06-2355639b11a8	POST	/files	http://localhost:3000
20230416	15:24:04	ebc30b9a-f290-4659-b21a-fdb9ab2f8eed	GET	/files	http://localhost:3000
20230416	15:24:04	83f75a85-fe29-4b41-8c7b-956b7d6feeae	GET	/files	http://localhost:3000
20230416	15:24:54	aed80351-290e-44c7-8494-2961ca0da71f	GET	/files	http://localhost:3000
20230416	15:24:56	3f9ec7bb-0c60-40c1-956a-43bb0b93d85a	GET	/files	http://localhost:3000
20230416	15:24:57	d1c51b58-6dff-478e-a4e2-3c4381bae6eb	GET	/files	http://localhost:3000
20230416	15:24:59	b9fe5d47-eb58-473f-a24b-fee8fc7d5188	OPTIONS	/files	http://localhost:3000
20230416	15:24:59	5c9b5669-02a0-4937-b00f-260d856caeef	POST	/files	http://localhost:3000
20230416	15:25:02	8774b0cd-9b14-42ca-9436-2ba4d149d224	GET	/files	http://localhost:3000
20230416	15:25:02	33677d2f-5553-47fa-a195-f84b62aeadcd	GET	/files	http://localhost:3000
20230416	15:26:00	3e01f72f-2412-4782-94cd-1a1d1f36ac82	OPTIONS	/files	http://localhost:3000
20230416	15:26:00	c914a67e-6732-4c92-81f5-849757849007	POST	/files	http://localhost:3000
20230416	15:26:06	1c7e7492-ba0c-4312-b32a-9bc7bc05d532	GET	/files	http://localhost:3000
20230416	15:26:06	4880589c-6d88-4837-89ae-c1522394b03c	GET	/files	http://localhost:3000
20230416	15:34:03	5062d6a4-fba2-4296-a4d0-149cb799ebab	GET	/files	http://localhost:3000
20230416	15:34:05	9b74e9c9-3fea-449f-84b4-897e7a0e9f9f	GET	/files	http://localhost:3000
20230416	15:34:05	9167f67a-0c3d-4523-88d9-3575db075518	GET	/files	http://localhost:3000
20230416	15:34:09	95615773-d6b2-4ba4-99fd-890fffe9aa06	OPTIONS	/files	http://localhost:3000
20230416	15:34:09	f2d3938b-3232-4050-a63d-a3a4a54cf77b	POST	/files	http://localhost:3000
20230416	15:34:36	f35803fe-b015-4894-9907-69f3065f347f	GET	/files	http://localhost:3000
20230416	15:34:36	f4f65b15-a789-492e-9b3c-8e3b8576b885	GET	/files	http://localhost:3000
20230416	15:34:40	aa738f26-7e41-49d6-868e-e6832f2b2f5b	OPTIONS	/files	http://localhost:3000
20230416	15:34:40	de0d891d-53fb-4b58-8fc1-7c1be313fba2	POST	/files	http://localhost:3000
20230416	15:35:09	32e45047-a00a-42eb-919f-89fc3bbed0bd	GET	/files	http://localhost:3000
20230416	15:35:09	82e5216b-7685-498d-b225-8cee8efd46e7	GET	/files	http://localhost:3000
20230416	15:35:46	3b47daa3-c68f-4a76-8373-20cc17f4ddc1	OPTIONS	/files	http://localhost:3000
20230416	15:35:46	b02010ae-2fc3-4332-ad40-e1fd921f5159	POST	/files	http://localhost:3000
20230416	15:36:00	5fe77649-27f2-4506-a49b-37debc464632	GET	/files	http://localhost:3000
20230416	15:36:00	cce3f5cd-b620-4ea6-920a-01d2daf29b3d	GET	/files	http://localhost:3000
20230416	15:36:12	52080d3f-0dc9-43bd-8f93-16e567166a09	OPTIONS	/files	http://localhost:3000
20230416	15:36:12	7e5ae078-a4c5-46bb-8e0c-f9c014203db3	POST	/files	http://localhost:3000
20230416	15:36:14	bd251c1f-ec25-48ff-8581-3dc12a7c373d	GET	/files	http://localhost:3000
20230416	15:36:14	a371f95a-2660-463e-bfef-ef762eda2483	GET	/files	http://localhost:3000
20230416	15:38:05	38bf0ecd-4e84-4387-a403-8596be5e1faf	GET	/files	http://localhost:3000
20230416	15:38:33	a984cf84-5570-40c8-9fdb-03299c255f9d	GET	/files	http://localhost:3000
20230416	15:38:33	67174241-93a1-4d5d-bc7b-ebbb7989be86	GET	/files	http://localhost:3000
20230416	15:38:49	ecffa622-6b01-41cb-8fd2-dcdf3407eb6c	GET	/files	http://localhost:3000
20230416	15:38:49	65fb541f-4bf9-4dbb-b379-5c692a14dbe5	GET	/files	http://localhost:3000
20230416	15:42:38	f43803a3-d463-48f2-ae18-71fc765bb052	GET	/files	http://localhost:3000
20230416	15:42:41	0a208a76-99dd-4efc-b8a2-2107e18c2968	GET	/files	http://localhost:3000
20230416	15:42:41	f73277b6-6166-44f9-851b-63626887b5e7	GET	/files	http://localhost:3000
20230416	15:43:32	38bfea02-70d0-4640-9e5b-bdfa3a788f37	GET	/files	http://localhost:3000
20230416	15:43:32	c1d8135d-320a-41bd-a978-d35c72713ae9	GET	/files	http://localhost:3000
20230416	15:43:36	95089bb6-02b4-4af2-9088-231df81d4d88	OPTIONS	/files	http://localhost:3000
20230416	15:43:36	550a761d-14c6-4368-9b16-21332a86e51c	POST	/files	http://localhost:3000
20230416	15:44:00	8e20d9cc-2058-4ffb-affa-05f946cf691d	GET	/files	http://localhost:3000
20230416	15:44:00	6db546ff-d7cb-4bef-903d-30d141a2c7f1	GET	/files	http://localhost:3000
20230416	15:44:09	7589c92c-84ed-4cc1-8826-4f9ec74efd52	OPTIONS	/files	http://localhost:3000
20230416	15:44:09	39ce620f-0b57-45af-a560-ee63f8c22850	POST	/files	http://localhost:3000
20230416	15:44:17	a2c2f5ee-45ac-4b86-b56b-71dd9366bc2d	OPTIONS	/files	http://localhost:3000
20230416	15:44:17	570dd31c-2869-4767-8a7c-3bbc2b78858b	POST	/files	http://localhost:3000
20230416	15:44:32	2e4f3360-c7f8-412d-8be0-159604a09614	OPTIONS	/files	http://localhost:3000
20230416	15:44:32	c0663f4b-8a8e-4d7d-842d-31b5bec0612b	POST	/files	http://localhost:3000
20230416	15:44:44	9bb8db3d-c347-4be3-ac54-b2cfd58f9516	GET	/files	http://localhost:3000
20230416	15:44:44	a91e5168-cb01-413f-a1a2-9f4e541ea7e3	GET	/files	http://localhost:3000
20230416	15:45:05	ea8ec6ef-3e1b-4172-8cb3-fc87f12c37f3	GET	/files	http://localhost:3000
20230416	15:45:05	a8d9ad4d-c0f3-45a5-90ba-8ac38a129163	GET	/files	http://localhost:3000
20230416	15:45:11	df2d26f7-6f24-425c-8c82-ee22e1c11e61	GET	/files	http://localhost:3000
20230416	15:45:11	565a9140-4bd3-49f5-974e-5ac579013bb1	GET	/files	http://localhost:3000
20230416	15:49:46	9f7adfb3-0e3a-4c12-a3ae-a486704a090e	GET	/files	http://localhost:3000
20230416	15:50:12	420762ad-513d-47c3-80c0-af4e74042432	GET	/files	http://localhost:3000
20230416	15:50:12	a0d73dca-2dba-4c6f-aed6-869003d91d72	GET	/files	http://localhost:3000
20230416	15:50:39	0ef0616c-2ef8-4664-bb74-5e75c764a2ea	GET	/files	http://localhost:3000
20230416	15:50:41	732e1885-8616-4467-aed3-48181d182e0e	GET	/files	http://localhost:3000
20230416	15:50:41	1866fd1c-1bcb-4f74-8d6a-2e0d2d5965c6	GET	/files	http://localhost:3000
20230416	15:50:51	f84e69e9-2eac-46e0-aa8e-38607e141a77	OPTIONS	/files	http://localhost:3000
20230416	15:50:51	c1315aff-4508-4da3-9ea6-6c948f88a341	POST	/files	http://localhost:3000
20230416	15:51:11	4db36afb-a70e-47d4-96b1-147934ca08e6	GET	/files	http://localhost:3000
20230416	15:51:11	d427a9f1-4cd3-47d6-b2a7-9debdb31741d	GET	/files	http://localhost:3000
20230416	15:52:17	7ce5a748-4234-48a5-9c32-e42920c92daf	GET	/files	http://localhost:3000
20230416	15:52:17	3b5b42bd-a56a-4c7f-a78f-3e18d8e8b5b0	GET	/files	http://localhost:3000
20230416	15:52:19	ffe4d660-6df7-4795-8609-468edc1d4f3c	GET	/files	http://localhost:3000
20230416	15:52:19	4f341aec-d764-490d-86ef-7ccddf1b24fb	GET	/files	http://localhost:3000
20230416	15:52:21	5ce236a0-825c-49aa-bfb2-1fb93e62b4e8	OPTIONS	/files	http://localhost:3000
20230416	15:52:21	31d41cdf-91aa-4ddd-b355-44fd8adf7ab1	POST	/files	http://localhost:3000
20230416	15:52:29	dff68dcc-a6c0-499f-83fe-0e5fa86e609d	OPTIONS	/files	http://localhost:3000
20230416	15:52:29	2e9db579-ac5c-49ef-b294-5b8cd8a67a9f	POST	/files	http://localhost:3000
20230416	15:52:43	87552537-d3c3-48d6-bb05-0e010f178d85	OPTIONS	/files	http://localhost:3000
20230416	15:52:43	32314e5c-9a5a-4cbc-a022-d472194087da	POST	/files	http://localhost:3000
20230416	15:52:50	017881fc-118e-4cd8-ab20-859d03618666	GET	/files	http://localhost:3000
20230416	15:52:50	eee60258-be29-42c9-9590-b8e01ba51228	GET	/files	http://localhost:3000
20230416	15:53:22	3fe9f52f-c7a7-4b46-8f4a-cd8a24fed46a	OPTIONS	/files	http://localhost:3000
20230416	15:53:22	43d0a65a-a12a-4c0f-887c-7bd19a1f7e4c	POST	/files	http://localhost:3000
20230416	15:53:28	8d878fb6-47fa-4794-9def-769acbbba48f	OPTIONS	/files	http://localhost:3000
20230416	15:53:28	61561775-2d07-462f-bfb4-8abf48568348	POST	/files	http://localhost:3000
20230416	15:54:31	50c18502-962d-45f7-9475-5635bc10349b	GET	/files	http://localhost:3000
20230416	15:54:31	65f3345c-8176-4947-9db1-907d9e0221c6	GET	/files	http://localhost:3000
20230416	15:54:50	a0c2058c-ae55-4fcb-b97f-468ec7546601	OPTIONS	/files	http://localhost:3000
20230416	15:54:50	56effb72-7a23-438e-b1d4-17766e576859	POST	/files	http://localhost:3000
20230416	15:55:04	3a2bc731-9a58-4793-845d-c96341682c7c	GET	/files	http://localhost:3000
20230416	15:55:04	332d567d-eb16-420b-ad6d-d738150fba30	GET	/files	http://localhost:3000
20230416	15:55:09	d05ef4e6-2fe9-4318-8ea0-53f22b03e181	OPTIONS	/files	http://localhost:3000
20230416	15:55:09	25a45e6c-5f81-4094-97e1-05473683d329	POST	/files	http://localhost:3000
20230416	15:55:13	945c735f-0f72-4436-b73b-603f209d9229	POST	/files	http://localhost:3000
20230416	15:55:17	63596668-06b2-47cd-97c0-5f521e60f2f2	OPTIONS	/files	http://localhost:3000
20230416	15:55:17	3491be51-f7d5-492e-8bef-7de77a0bf68a	POST	/files	http://localhost:3000
20230416	16:03:27	d54ae81e-0e18-4517-9509-a23d36034c09	GET	/files	http://localhost:3000
20230416	16:03:27	26f7ed50-8136-428f-ad89-3ba945e9e5e2	GET	/files	http://localhost:3000
20230416	16:04:08	5f4d1b80-2916-4b85-a7d3-a6f55922a402	GET	/files	http://localhost:3000
20230416	16:04:08	1ca5553e-84b6-49da-be8a-1fae1de9d15b	GET	/files	http://localhost:3000
20230416	16:04:13	a6299fee-e373-4d68-9f00-80a5a1d42fc7	OPTIONS	/files	http://localhost:3000
20230416	16:04:13	0025e22d-1816-48c1-bcfd-7bfe66c9f7d0	POST	/files	http://localhost:3000
20230416	16:05:33	c25afca7-a9bc-46f5-a923-00cbebaa81bc	GET	/files	http://localhost:3000
20230416	16:05:33	98235363-8699-4ae5-a0eb-c2e55f476b47	GET	/files	http://localhost:3000
20230416	21:42:52	ab132ab3-8699-413d-aec4-ba1fdd34e3b1	GET	/files	http://localhost:3000
20230416	21:42:52	1801b81e-5d0f-4737-9048-ae6a3ead475b	GET	/files	http://localhost:3000
20230416	21:43:14	814fb1af-f855-4531-8b7e-f64b2becd2c3	OPTIONS	/files	http://localhost:3000
20230416	21:43:14	39ce0608-2cbc-445c-9c3b-d8f9855aee9b	POST	/files	http://localhost:3000
20230416	21:44:32	1ee59781-de4d-4e5d-a2ff-2095dec6acfc	GET	/files	http://localhost:3000
20230416	21:44:32	005711a7-1a00-4545-9599-9b30439bf148	GET	/files	http://localhost:3000
20230416	21:44:36	4f85a490-8a35-4a42-8060-d9906285de7c	OPTIONS	/files	http://localhost:3000
20230416	21:44:36	b464da7b-e9f3-4770-91a5-457cd84c2555	POST	/files	http://localhost:3000
20230416	21:47:48	ea3d0d0f-3fb6-4d6a-ab59-c3bb1e0dbda0	GET	/files	http://localhost:3000
20230416	21:47:53	8d895727-37fb-4668-beff-9d8405696706	GET	/files	http://localhost:3000
20230416	21:47:53	f6e31828-b228-4008-94b0-369aadb3b6da	GET	/files	http://localhost:3000
20230416	21:47:54	1473ff2a-d614-4409-9a6e-bde9d9abdc45	OPTIONS	/files	http://localhost:3000
20230416	21:47:54	352fc4e7-ea23-4bdd-b762-05f398df073d	POST	/files	http://localhost:3000
20230416	21:48:06	6548bcf7-2ea2-4545-9de2-eaa5eeb331f0	OPTIONS	/files	http://localhost:3000
20230416	21:48:06	a43f591f-b12c-4f85-acf1-f1aba9da5143	POST	/files	http://localhost:3000
20230416	21:49:22	5fab56ab-26a1-45b3-8e08-c73faf02a74a	GET	/files	http://localhost:3000
20230416	21:49:25	ecb1083a-20cb-4989-8077-911a37269e3d	GET	/files	http://localhost:3000
20230416	21:49:25	69124777-3eac-4b37-91d9-adddfc857206	GET	/files	http://localhost:3000
20230416	21:49:39	787fa147-a257-4cb2-826d-ee09d006ed73	OPTIONS	/files	http://localhost:3000
20230416	21:49:39	adafbc72-8328-4371-8ce4-affe14578409	POST	/files	http://localhost:3000
20230416	21:49:54	e80675c7-f93d-46ed-8f48-70e12b6760ac	OPTIONS	/files	http://localhost:3000
20230416	21:49:54	16d43d08-6502-4d59-9907-fa30bcf9faa5	POST	/files	http://localhost:3000
20230416	21:50:49	6cf0bc60-69e7-4a2e-8fc5-853c2d469d32	GET	/files	http://localhost:3000
20230416	21:50:52	02a83aa8-389f-413b-947c-e5b07cde575d	GET	/files	http://localhost:3000
20230416	21:50:52	400199f9-b7e7-46b4-b4e7-81a6af6f28de	GET	/files	http://localhost:3000
20230416	21:51:02	feb378e5-afa9-477e-9f28-3d31196f2b11	OPTIONS	/files	http://localhost:3000
20230416	21:51:02	3ef2cb63-86fe-4166-b71d-b5fbaf0e9013	POST	/files	http://localhost:3000
20230416	21:58:49	71d965a5-8cdf-4eaa-88a3-d7b082b75f33	GET	/files	http://localhost:3000
20230416	21:58:52	f6f30b63-ba47-44f5-b53c-c2be0367286b	GET	/files	http://localhost:3000
20230416	21:58:52	45335032-ad6c-445c-bade-710f070191cc	GET	/files	http://localhost:3000
20230416	21:59:04	64dba9ec-3a6d-444a-a184-04039c651683	OPTIONS	/files	http://localhost:3000
20230416	21:59:04	9da51892-c101-4283-ba29-ff2c2c73455a	POST	/files	http://localhost:3000
20230416	21:59:17	c93b96b8-1d25-4f42-ad26-bd641ed933c8	GET	/files	http://localhost:3000
20230416	21:59:17	82807f7c-08db-4c36-9cf0-76be6a5e4898	GET	/files	http://localhost:3000
20230416	22:00:01	e253e1f5-9f0d-4d94-ab4d-35f5577c8f1c	OPTIONS	/files	http://localhost:3000
20230416	22:00:01	e9450cf8-e6ac-40dc-932d-13d1b94ef294	POST	/files	http://localhost:3000
20230416	22:00:16	05d63f7a-a779-46bd-a1a6-3d1620f39210	OPTIONS	/files	http://localhost:3000
20230416	22:00:16	15d2bf66-05b4-46e4-bf7a-4ca25a29a30b	POST	/files	http://localhost:3000
20230416	22:00:31	70b4ac90-a0c0-4ec7-86cb-11524ce78dbc	GET	/files	http://localhost:3000
20230416	22:00:31	f5a0304f-ef90-436b-b5a3-0ef863022a67	GET	/files	http://localhost:3000
20230416	22:00:40	95ccb66f-b27b-48ec-8785-2ede1a78cffd	OPTIONS	/files	http://localhost:3000
20230416	22:00:40	8c322686-582c-4bf8-bb25-3a941ef4fe6d	POST	/files	http://localhost:3000
20230416	22:00:50	e9c77c1d-e3fa-4e8f-8e88-d35a3b3c7c55	OPTIONS	/files	http://localhost:3000
20230416	22:00:50	5066e8d7-38bc-4d84-a140-0d2e8de98605	POST	/files	http://localhost:3000
20230416	22:00:56	b4d6fc6e-6be1-4890-8f90-982a25f94aee	GET	/files	http://localhost:3000
20230416	22:00:57	7cc637db-a046-43a8-bedd-04d759d2de74	GET	/files	http://localhost:3000
20230416	22:09:13	9d53935c-6178-4ac2-85d1-f1a57422534f	GET	/files	http://localhost:3000
20230416	22:09:13	74d5953b-265e-47dc-902c-84c55df80c3b	GET	/files	http://localhost:3000
20230416	22:09:23	6836a404-d0c8-4aaa-99e6-604891ff084e	OPTIONS	/files	http://localhost:3000
20230416	22:09:23	9f65393b-6189-4b1a-b52f-0ac0e55627ff	POST	/files	http://localhost:3000
20230416	22:09:34	b61b62bb-fa2b-48d5-a03b-3f92bea73d8e	OPTIONS	/files	http://localhost:3000
20230416	22:09:34	e1ff91d4-4740-486b-9e7f-d6373a78973c	POST	/files	http://localhost:3000
20230416	22:09:44	1e64c460-80dc-4fec-bbc6-f47431a8975d	OPTIONS	/files	http://localhost:3000
20230416	22:09:44	e8f8e80a-0d71-4d4e-8bbe-627bd08e95a3	POST	/files	http://localhost:3000
20230416	22:10:10	5e998edf-73ba-4c3a-aa0d-07d3d61f1e69	GET	/files	http://localhost:3000
20230416	22:10:10	ca31da82-e041-4925-80ce-00557f484012	GET	/files	http://localhost:3000
20230416	22:10:15	401a64a6-8476-4383-8c03-cb33e4a672dd	OPTIONS	/files	http://localhost:3000
20230416	22:10:15	9e4fd000-7a1e-4efc-b0f5-c8d31c9717c8	POST	/files	http://localhost:3000
20230416	22:10:30	0dab55fa-eb4a-4e7e-af46-ea8ad2e943d0	OPTIONS	/files	http://localhost:3000
20230416	22:10:30	c3c09533-a98e-499f-9c05-51fa7184f498	POST	/files	http://localhost:3000
20230416	22:10:44	407a982f-506a-4825-89f8-0c897eb862b8	GET	/files	http://localhost:3000
20230416	22:10:44	e191799a-d83b-4bea-8aa1-458f9ad3c862	GET	/files	http://localhost:3000
20230416	23:22:15	dd6a67fb-c650-4167-956f-629023a3578c	GET	/files	http://localhost:3000
20230416	23:22:15	00233047-f10d-435c-8baf-c062ef5398e6	GET	/files	http://localhost:3000
20230417	21:08:21	1997341b-8632-42c9-b0c1-65930c0d569a	GET	/files	http://localhost:3000
20230417	21:08:21	0603d54c-ca42-40dc-8533-d1e72457f2f6	GET	/files	http://localhost:3000
20230417	21:08:26	bcd5a349-0ca4-4c55-b1bc-ed90e1739440	OPTIONS	/files	http://localhost:3000
20230417	21:08:27	68878118-e019-4be3-8b3c-286983c5f5a2	POST	/files	http://localhost:3000
20230417	21:10:13	08750067-33fc-4ed5-8c92-9cf0152e3c00	GET	/files	http://localhost:3000
20230417	21:10:16	5e52a5ab-4da7-47c7-9b7c-6b64c4558b1e	GET	/files	http://localhost:3000
20230417	21:10:16	e04b875d-99b6-4cc2-8211-da0ca5f5949e	GET	/files	http://localhost:3000
20230417	21:10:19	a8b8ac52-d3fe-45d4-9cc1-5d8ee4e55f19	OPTIONS	/files	http://localhost:3000
20230417	21:10:19	698ae2ea-16da-48fe-970f-16ae47ef87bd	POST	/files	http://localhost:3000
20230417	21:10:35	1ea71751-8c8d-472a-b96c-1eb02ce4cc4b	GET	/files	http://localhost:3000
20230417	21:10:44	2dab09b0-745c-4022-a36e-e48326355c1e	OPTIONS	/files	http://localhost:3000
20230417	21:10:44	04174c66-746f-4fc8-b0d5-9fb70089bd7f	POST	/files	http://localhost:3000
20230417	21:10:50	bbaa9f5c-fa36-460d-81ae-5be6e7a45e92	OPTIONS	/files	http://localhost:3000
20230417	21:10:50	edc2a80c-6571-4c29-8ac4-f197b9462466	POST	/files	http://localhost:3000
20230427	20:15:41	4d8d8e70-f59b-47ae-9935-0c93e0f6e75e	GET	/files	http://localhost:3000
20230427	20:16:29	10b9ce2c-c0fb-4ec7-9b9d-44cea4583607	GET	/files	http://localhost:3000
20230427	20:16:29	0ae413a5-5c6c-4321-a17d-9b994bd021d9	GET	/files	http://localhost:3000
20230427	20:16:38	765acfa0-6c9a-456c-899b-26286f9247e7	OPTIONS	/files	http://localhost:3000
20230427	20:16:38	31ead51e-2050-46d3-9655-90c103dc2af1	POST	/files	http://localhost:3000
20230427	20:17:14	9ba2b463-5eb6-486c-b005-7d460845b57d	GET	/files	http://localhost:3000
20230427	20:17:14	189d539c-ba5b-4f0a-a562-29da7dbdfe42	GET	/files	http://localhost:3000
20230427	20:17:19	87eb40ab-c140-4eb6-8911-8768b619f2b5	OPTIONS	/files	http://localhost:3000
20230427	20:17:19	53c28ae2-7b82-4747-b84c-d7974da9ccfa	POST	/files	http://localhost:3000
20230427	20:17:47	c6e8b220-2a5c-4c0d-aae9-474db293468d	GET	/files	http://localhost:3000
20230427	20:17:47	0bee2309-2348-4608-a442-fd1ebd56ee6b	GET	/files	http://localhost:3000
20230427	20:17:49	6643ca26-adb8-426a-aa85-39c1c8bd2af0	OPTIONS	/files	http://localhost:3000
20230427	20:17:49	ae63c1b7-76d0-4707-b78d-5d508c3ff8a4	POST	/files	http://localhost:3000
20230427	20:18:24	ea1ce0ce-2a46-4e1c-8f42-6bbcaf9d251d	GET	/files	http://localhost:3000
20230427	20:18:24	ed8e3511-0ba0-4dd3-a1c8-879e33a2e617	GET	/files	http://localhost:3000
20230427	20:18:29	fd9256f2-2111-404d-8279-4366de654c31	OPTIONS	/files	http://localhost:3000
20230427	20:18:29	fe437dd9-03d6-495a-bbae-2a94684baa94	POST	/files	http://localhost:3000
